\BOOKMARK [0][-]{chapter.1}{Literature Review}{}% 1
\BOOKMARK [1][-]{section.1.1}{Data Visualisation}{chapter.1}% 2
\BOOKMARK [1][-]{section.1.2}{Causal Relationships}{chapter.1}% 3
\BOOKMARK [1][-]{section.1.3}{Node-Link Graphs}{chapter.1}% 4
\BOOKMARK [1][-]{section.1.4}{Matrix-based Graphs}{chapter.1}% 5
\BOOKMARK [0][-]{chapter.2}{Introduction}{}% 6
\BOOKMARK [1][-]{section.2.1}{Aims and Objectives}{chapter.2}% 7
\BOOKMARK [0][-]{chapter.3}{Implementation details}{}% 8
\BOOKMARK [1][-]{section.3.1}{Requirements}{chapter.3}% 9
\BOOKMARK [1][-]{section.3.2}{Prototype}{chapter.3}% 10
\BOOKMARK [1][-]{section.3.3}{Software tools and technologies}{chapter.3}% 11
\BOOKMARK [1][-]{section.3.4}{System Design}{chapter.3}% 12
\BOOKMARK [1][-]{section.3.5}{Implementation}{chapter.3}% 13
\BOOKMARK [1][-]{section.3.6}{Challenges}{chapter.3}% 14
\BOOKMARK [0][-]{chapter.4}{Experiment}{}% 15
\BOOKMARK [1][-]{section.4.1}{Design}{chapter.4}% 16
\BOOKMARK [1][-]{section.4.2}{Stimuli}{chapter.4}% 17
\BOOKMARK [1][-]{section.4.3}{Pilot}{chapter.4}% 18
\BOOKMARK [1][-]{section.4.4}{Participants}{chapter.4}% 19
\BOOKMARK [1][-]{section.4.5}{Procedure}{chapter.4}% 20
\BOOKMARK [1][-]{section.4.6}{Results}{chapter.4}% 21
\BOOKMARK [2][-]{subsection.4.6.1}{Data Analysis Methodology}{section.4.6}% 22
\BOOKMARK [2][-]{subsection.4.6.2}{Experimental Results}{section.4.6}% 23
\BOOKMARK [1][-]{section.4.7}{Preference Results}{chapter.4}% 24
\BOOKMARK [1][-]{section.4.8}{Qualitative Results}{chapter.4}% 25
\BOOKMARK [1][-]{section.4.9}{Discussion}{chapter.4}% 26
\BOOKMARK [0][-]{chapter.5}{Conclusion}{}% 27
\BOOKMARK [0][-]{section*.16}{Appendices}{}% 28
\BOOKMARK [0][-]{Appendix.a.A}{Database Schema}{}% 29
\BOOKMARK [0][-]{Appendix.a.B}{Running the Programs}{}% 30
\BOOKMARK [0][-]{Appendix.a.C}{Experimental Stimuli}{}% 31
\BOOKMARK [1][-]{subsection.a.C.0.1}{Matrix-based}{Appendix.a.C}% 32
\BOOKMARK [2][-]{subsection.a.C.0.2}{Node-link}{subsection.a.C.0.1}% 33
